<?xml version="1.0" encoding="UTF-8"?>
<coverage generated="1596757170254" clover="3.2.0">
  <project timestamp="1596757170255" name="All files">
    <metrics statements="22" coveredstatements="3" conditionals="8" coveredconditionals="0" methods="2" coveredmethods="1" elements="32" coveredelements="4" complexity="0" loc="22" ncloc="22" packages="1" files="1" classes="1"/>
    <file name="validator.js" path="C:\Users\51940\OneDrive\Escritorio\primer proyecto\LIM013-card-validation\src\validator.js">
      <metrics statements="22" coveredstatements="3" conditionals="8" coveredconditionals="0" methods="2" coveredmethods="1"/>
      <line num="2" count="1" type="stmt"/>
      <line num="5" count="0" type="stmt"/>
      <line num="7" count="0" type="stmt"/>
      <line num="8" count="0" type="stmt"/>
      <line num="10" count="0" type="stmt"/>
      <line num="11" count="0" type="stmt"/>
      <line num="13" count="0" type="stmt"/>
      <line num="14" count="0" type="stmt"/>
      <line num="16" count="0" type="stmt"/>
      <line num="17" count="0" type="cond" truecount="0" falsecount="2"/>
      <line num="18" count="0" type="stmt"/>
      <line num="19" count="0" type="cond" truecount="0" falsecount="2"/>
      <line num="20" count="0" type="stmt"/>
      <line num="23" count="0" type="stmt"/>
      <line num="25" count="0" type="stmt"/>
      <line num="26" count="0" type="cond" truecount="0" falsecount="2"/>
      <line num="27" count="0" type="cond" truecount="0" falsecount="2"/>
      <line num="28" count="0" type="stmt"/>
      <line num="30" count="0" type="stmt"/>
      <line num="33" count="0" type="stmt"/>
      <line num="37" count="1" type="stmt"/>
      <line num="38" count="1" type="stmt"/>
    </file>
  </project>
</coverage>
