{"C:\\Users\\51940\\OneDrive\\Escritorio\\primer proyecto\\LIM013-card-validation\\src\\validator.js": {"path":"C:\\Users\\51940\\OneDrive\\Escritorio\\primer proyecto\\LIM013-card-validation\\src\\validator.js","statementMap":{"0":{"start":{"line":2,"column":18},"end":{"line":40,"column":1}},"1":{"start":{"line":5,"column":9},"end":{"line":5,"column":39}},"2":{"start":{"line":7,"column":30},"end":{"line":7,"column":55}},"3":{"start":{"line":8,"column":9},"end":{"line":8,"column":37}},"4":{"start":{"line":10,"column":9},"end":{"line":10,"column":51}},"5":{"start":{"line":11,"column":9},"end":{"line":11,"column":37}},"6":{"start":{"line":13,"column":15},"end":{"line":13,"column":16}},"7":{"start":{"line":14,"column":4},"end":{"line":24,"column":6}},"8":{"start":{"line":14,"column":17},"end":{"line":14,"column":18}},"9":{"start":{"line":16,"column":24},"end":{"line":16,"column":51}},"10":{"start":{"line":17,"column":6},"end":{"line":22,"column":11}},"11":{"start":{"line":18,"column":7},"end":{"line":18,"column":24}},"12":{"start":{"line":19,"column":7},"end":{"line":21,"column":12}},"13":{"start":{"line":20,"column":11},"end":{"line":20,"column":28}},"14":{"start":{"line":23,"column":7},"end":{"line":23,"column":27}},"15":{"start":{"line":25,"column":5},"end":{"line":25,"column":23}},"16":{"start":{"line":26,"column":5},"end":{"line":34,"column":7}},"17":{"start":{"line":27,"column":8},"end":{"line":31,"column":9}},"18":{"start":{"line":28,"column":11},"end":{"line":28,"column":23}},"19":{"start":{"line":30,"column":10},"end":{"line":30,"column":23}},"20":{"start":{"line":33,"column":8},"end":{"line":33,"column":21}},"21":{"start":{"line":37,"column":16},"end":{"line":37,"column":60}},"22":{"start":{"line":38,"column":0},"end":{"line":38,"column":13}}},"fnMap":{"0":{"name":"(anonymous_0)","decl":{"start":{"line":4,"column":2},"end":{"line":4,"column":3}},"loc":{"start":{"line":4,"column":27},"end":{"line":35,"column":2}},"line":4},"1":{"name":"(anonymous_1)","decl":{"start":{"line":36,"column":10},"end":{"line":36,"column":11}},"loc":{"start":{"line":36,"column":35},"end":{"line":39,"column":2}},"line":36}},"branchMap":{"0":{"loc":{"start":{"line":17,"column":6},"end":{"line":22,"column":11}},"type":"if","locations":[{"start":{"line":17,"column":6},"end":{"line":22,"column":11}},{"start":{"line":17,"column":6},"end":{"line":22,"column":11}}],"line":17},"1":{"loc":{"start":{"line":19,"column":7},"end":{"line":21,"column":12}},"type":"if","locations":[{"start":{"line":19,"column":7},"end":{"line":21,"column":12}},{"start":{"line":19,"column":7},"end":{"line":21,"column":12}}],"line":19},"2":{"loc":{"start":{"line":26,"column":5},"end":{"line":34,"column":7}},"type":"if","locations":[{"start":{"line":26,"column":5},"end":{"line":34,"column":7}},{"start":{"line":26,"column":5},"end":{"line":34,"column":7}}],"line":26},"3":{"loc":{"start":{"line":27,"column":8},"end":{"line":31,"column":9}},"type":"if","locations":[{"start":{"line":27,"column":8},"end":{"line":31,"column":9}},{"start":{"line":27,"column":8},"end":{"line":31,"column":9}}],"line":27}},"s":{"0":1,"1":0,"2":0,"3":0,"4":0,"5":0,"6":0,"7":0,"8":0,"9":0,"10":0,"11":0,"12":0,"13":0,"14":0,"15":0,"16":0,"17":0,"18":0,"19":0,"20":0,"21":1,"22":1},"f":{"0":0,"1":1},"b":{"0":[0,0],"1":[0,0],"2":[0,0],"3":[0,0]},"_coverageSchema":"43e27e138ebf9cfc5966b082cf9a028302ed4184","hash":"5571ae11ca6efb39531559db39a62eedc111b0a6"}
}
