{"C:\\Users\\51940\\OneDrive\\Escritorio\\primer proyecto\\LIM013-card-validation\\src\\validator.js": {"path":"C:\\Users\\51940\\OneDrive\\Escritorio\\primer proyecto\\LIM013-card-validation\\src\\validator.js","statementMap":{"0":{"start":{"line":2,"column":18},"end":{"line":39,"column":1}},"1":{"start":{"line":7,"column":30},"end":{"line":7,"column":55}},"2":{"start":{"line":10,"column":9},"end":{"line":10,"column":51}},"3":{"start":{"line":13,"column":15},"end":{"line":13,"column":16}},"4":{"start":{"line":14,"column":4},"end":{"line":24,"column":6}},"5":{"start":{"line":14,"column":17},"end":{"line":14,"column":18}},"6":{"start":{"line":16,"column":24},"end":{"line":16,"column":51}},"7":{"start":{"line":17,"column":6},"end":{"line":22,"column":11}},"8":{"start":{"line":18,"column":7},"end":{"line":18,"column":24}},"9":{"start":{"line":19,"column":7},"end":{"line":21,"column":12}},"10":{"start":{"line":20,"column":11},"end":{"line":20,"column":28}},"11":{"start":{"line":23,"column":7},"end":{"line":23,"column":27}},"12":{"start":{"line":26,"column":5},"end":{"line":33,"column":7}},"13":{"start":{"line":27,"column":8},"end":{"line":31,"column":9}},"14":{"start":{"line":28,"column":11},"end":{"line":28,"column":23}},"15":{"start":{"line":30,"column":10},"end":{"line":30,"column":23}},"16":{"start":{"line":36,"column":16},"end":{"line":36,"column":60}},"17":{"start":{"line":37,"column":0},"end":{"line":37,"column":13}}},"fnMap":{"0":{"name":"(anonymous_0)","decl":{"start":{"line":4,"column":2},"end":{"line":4,"column":3}},"loc":{"start":{"line":4,"column":27},"end":{"line":34,"column":2}},"line":4},"1":{"name":"(anonymous_1)","decl":{"start":{"line":35,"column":10},"end":{"line":35,"column":11}},"loc":{"start":{"line":35,"column":35},"end":{"line":38,"column":2}},"line":35}},"branchMap":{"0":{"loc":{"start":{"line":17,"column":6},"end":{"line":22,"column":11}},"type":"if","locations":[{"start":{"line":17,"column":6},"end":{"line":22,"column":11}},{"start":{"line":17,"column":6},"end":{"line":22,"column":11}}],"line":17},"1":{"loc":{"start":{"line":19,"column":7},"end":{"line":21,"column":12}},"type":"if","locations":[{"start":{"line":19,"column":7},"end":{"line":21,"column":12}},{"start":{"line":19,"column":7},"end":{"line":21,"column":12}}],"line":19},"2":{"loc":{"start":{"line":26,"column":5},"end":{"line":33,"column":7}},"type":"if","locations":[{"start":{"line":26,"column":5},"end":{"line":33,"column":7}},{"start":{"line":26,"column":5},"end":{"line":33,"column":7}}],"line":26},"3":{"loc":{"start":{"line":27,"column":8},"end":{"line":31,"column":9}},"type":"if","locations":[{"start":{"line":27,"column":8},"end":{"line":31,"column":9}},{"start":{"line":27,"column":8},"end":{"line":31,"column":9}}],"line":27}},"s":{"0":1,"1":3,"2":3,"3":3,"4":3,"5":3,"6":34,"7":34,"8":16,"9":16,"10":8,"11":34,"12":3,"13":3,"14":2,"15":1,"16":3,"17":3},"f":{"0":3,"1":3},"b":{"0":[16,18],"1":[8,8],"2":[3,0],"3":[2,1]},"_coverageSchema":"43e27e138ebf9cfc5966b082cf9a028302ed4184","hash":"a4d629a1bf58a7f19c0a15909510ca45966edaa0"}
}
